<?xml version="1.0" encoding="UTF-8"?>
<!-- Generated by org.testng.reporters.JUnitReportReporter -->
<testsuite name="ReadingTableElements.ExtractFirstCol" tests="1" time="11.450" ignored="0" failures="0" timestamp="15 Jun 2021 11:41:26 GMT" skipped="0" hostname="Neha-PC" errors="0">
  <testcase name="Colelements" time="11.450" classname="ReadingTableElements.ExtractFirstCol"/>
</testsuite> <!-- ReadingTableElements.ExtractFirstCol -->
