<?xml version="1.0" encoding="UTF-8"?>
<!-- Generated by org.testng.reporters.JUnitReportReporter -->
<testsuite name="DynamicMethodsUse.VerifyFirstRowElements" tests="1" time="11.789" ignored="1" failures="0" timestamp="20 Jun 2021 09:58:46 GMT" skipped="0" hostname="Neha-PC" errors="0">
  <testcase name="VerifycountOfLabels" time="11.789" classname="DynamicMethodsUse.VerifyFirstRowElements"/>
  <testcase name="VerifySequenceOfLabels" classname="DynamicMethodsUse.VerifyFirstRowElements">
    <skipped/>
  </testcase> <!-- VerifySequenceOfLabels -->
</testsuite> <!-- DynamicMethodsUse.VerifyFirstRowElements -->
