<?xml version="1.0" encoding="UTF-8"?>
<!-- Generated by org.testng.reporters.JUnitReportReporter -->
<testsuite name="ReadingTableElements.ExtractAllTableElements" tests="1" time="14.930" ignored="0" failures="0" timestamp="18 Jun 2021 17:14:53 GMT" skipped="0" hostname="Neha-PC" errors="0">
  <testcase name="ReadElementsFromTable" time="14.930" classname="ReadingTableElements.ExtractAllTableElements"/>
</testsuite> <!-- ReadingTableElements.ExtractAllTableElements -->
