<?xml version="1.0" encoding="UTF-8"?>
<!-- Generated by org.testng.reporters.JUnitReportReporter -->
<testsuite name="HomeWork.PrintMaleUsers" tests="1" time="20.210" ignored="0" failures="0" timestamp="26 Jun 2021 10:58:36 GMT" skipped="0" hostname="Neha-PC" errors="0">
  <testcase name="PrintMaleUserNames" time="20.210" classname="HomeWork.PrintMaleUsers"/>
</testsuite> <!-- HomeWork.PrintMaleUsers -->
