<?xml version="1.0" encoding="UTF-8"?>
<!-- Generated by org.testng.reporters.JUnitReportReporter -->
<testsuite name="HomeWork.VerifyMobileNumber" tests="1" time="7.750" ignored="0" failures="0" timestamp="16 Jun 2021 09:15:45 GMT" skipped="0" hostname="Neha-PC" errors="0">
  <testcase name="MobNumber" time="7.750" classname="HomeWork.VerifyMobileNumber"/>
</testsuite> <!-- HomeWork.VerifyMobileNumber -->
