<?xml version="1.0" encoding="UTF-8"?>
<!-- Generated by org.testng.reporters.JUnitReportReporter -->
<testsuite name="ReadingTableElements.ExtractForthCol" tests="1" time="9.199" ignored="0" failures="0" timestamp="15 Jun 2021 12:53:48 GMT" skipped="0" hostname="Neha-PC" errors="0">
  <testcase name="f" time="9.199" classname="ReadingTableElements.ExtractForthCol"/>
</testsuite> <!-- ReadingTableElements.ExtractForthCol -->
