<?xml version="1.0" encoding="UTF-8"?>
<!-- Generated by org.testng.reporters.JUnitReportReporter -->
<testsuite name="HomeWork.VerifyMailID" tests="1" time="15.330" ignored="0" failures="0" timestamp="16 Jun 2021 07:52:55 GMT" skipped="0" hostname="Neha-PC" errors="0">
  <testcase name="MailID" time="15.330" classname="HomeWork.VerifyMailID"/>
</testsuite> <!-- HomeWork.VerifyMailID -->
