<?xml version="1.0" encoding="UTF-8"?>
<!-- Generated by org.testng.reporters.JUnitReportReporter -->
<testsuite name="HomeWork.VerifyGender" tests="1" time="8.482" ignored="0" failures="0" timestamp="26 Jun 2021 09:55:26 GMT" skipped="0" hostname="Neha-PC" errors="0">
  <testcase name="getLabelsofGender" time="8.482" classname="HomeWork.VerifyGender"/>
</testsuite> <!-- HomeWork.VerifyGender -->
