<?xml version="1.0" encoding="UTF-8"?>
<!-- Generated by org.testng.reporters.JUnitReportReporter -->
<testsuite name="ReadingTableElements.ExtractThirdColumn" tests="1" time="9.228" ignored="0" failures="0" timestamp="15 Jun 2021 12:45:51 GMT" skipped="0" hostname="Neha-PC" errors="0">
  <testcase name="ThirdColumn" time="9.228" classname="ReadingTableElements.ExtractThirdColumn"/>
</testsuite> <!-- ReadingTableElements.ExtractThirdColumn -->
