<?xml version="1.0" encoding="UTF-8"?>
<!-- Generated by org.testng.reporters.JUnitReportReporter -->
<testsuite name="ReadingTableElements.ExtractSecondColumn" tests="1" time="11.839" ignored="0" failures="0" timestamp="26 Jun 2021 10:01:47 GMT" skipped="0" hostname="Neha-PC" errors="0">
  <testcase name="UserNameColumn" time="11.839" classname="ReadingTableElements.ExtractSecondColumn"/>
</testsuite> <!-- ReadingTableElements.ExtractSecondColumn -->
