<?xml version="1.0" encoding="UTF-8"?>
<!-- Generated by org.testng.reporters.JUnitReportReporter -->
<testsuite name="HomeWork.MailIDVerification" tests="1" time="9.601" ignored="0" failures="0" timestamp="20 Jun 2021 11:35:12 GMT" skipped="0" hostname="Neha-PC" errors="0">
  <testcase name="f" time="9.601" classname="HomeWork.MailIDVerification"/>
</testsuite> <!-- HomeWork.MailIDVerification -->
