<?xml version="1.0" encoding="UTF-8"?>
<!-- Generated by org.testng.reporters.JUnitReportReporter -->
<testsuite name="ReadingTableElements.ExtractFifthCol" tests="1" time="6.067" ignored="0" failures="0" timestamp="19 Jun 2021 09:39:10 GMT" skipped="0" hostname="Neha-PC" errors="0">
  <testcase name="FifthCol" time="6.067" classname="ReadingTableElements.ExtractFifthCol"/>
</testsuite> <!-- ReadingTableElements.ExtractFifthCol -->
