<?xml version="1.0" encoding="UTF-8"?>
<!-- Generated by org.testng.reporters.JUnitReportReporter -->
<testsuite name="ReadingTableElements.Extractelements" tests="1" time="12.262" ignored="0" failures="0" timestamp="15 Jun 2021 07:37:18 GMT" skipped="0" hostname="Neha-PC" errors="0">
  <testcase name="ReadElementsFromTable" time="12.262" classname="ReadingTableElements.Extractelements"/>
</testsuite> <!-- ReadingTableElements.Extractelements -->
