<?xml version="1.0" encoding="UTF-8"?>
<!-- Generated by org.testng.reporters.JUnitReportReporter -->
<testsuite name="ReadingTableElements.ExtractSixthCol" tests="1" time="10.598" ignored="0" failures="0" timestamp="15 Jun 2021 16:43:59 GMT" skipped="0" hostname="Neha-PC" errors="0">
  <testcase name="sixthCol" time="10.598" classname="ReadingTableElements.ExtractSixthCol"/>
</testsuite> <!-- ReadingTableElements.ExtractSixthCol -->
