<?xml version="1.0" encoding="UTF-8"?>
<!-- Generated by org.testng.reporters.JUnitReportReporter -->
<testsuite name="ReadingTableElements.ExtractSeventhCol" tests="1" time="11.678" ignored="0" failures="0" timestamp="15 Jun 2021 14:58:01 GMT" skipped="0" hostname="Neha-PC" errors="0">
  <testcase name="SeventhCol" time="11.678" classname="ReadingTableElements.ExtractSeventhCol"/>
</testsuite> <!-- ReadingTableElements.ExtractSeventhCol -->
