<?xml version="1.0" encoding="UTF-8"?>
<!-- Generated by org.testng.reporters.JUnitReportReporter -->
<testsuite name="ReadingTableElements.ExtractColumnwise" tests="1" time="10.023" ignored="0" failures="0" timestamp="15 Jun 2021 06:13:47 GMT" skipped="0" hostname="Neha-PC" errors="0">
  <testcase name="openBrowser" time="10.023" classname="ReadingTableElements.ExtractColumnwise"/>
</testsuite> <!-- ReadingTableElements.ExtractColumnwise -->
