<?xml version="1.0" encoding="UTF-8"?>
<!-- Generated by org.testng.reporters.JUnitReportReporter -->
<testsuite name="HomeWork.NewTest" tests="1" time="0.016" ignored="0" failures="0" timestamp="20 Jun 2021 10:28:47 GMT" skipped="0" hostname="Neha-PC" errors="0">
  <testcase name="f" time="0.016" classname="HomeWork.NewTest"/>
</testsuite> <!-- HomeWork.NewTest -->
